2025-07-07 17:51:05,412 - INFO - ==================================================
2025-07-07 17:51:05,412 - INFO - Starting Data Processing Pipeline
2025-07-07 17:51:05,412 - INFO - ==================================================
2025-07-07 17:51:05,412 - INFO - Executing step: Data Cleanup
2025-07-07 17:51:05,412 - INFO - Starting data cleanup process...
2025-07-07 17:51:05,412 - INFO - Truncating tile views...
2025-07-07 17:51:05,667 - INFO - Truncating DS chart data...
2025-07-07 17:51:05,714 - INFO - Truncating active_trade...
2025-07-07 17:51:05,756 - INFO - Truncating history_trade...
2025-07-07 17:51:05,851 - INFO - Data cleanup completed successfully
2025-07-07 17:51:05,852 - INFO - Step completed: Data Cleanup
2025-07-07 17:51:05,852 - INFO - ------------------------------
2025-07-07 17:51:05,852 - INFO - Executing step: CSV Update
2025-07-07 17:51:05,852 - INFO - Starting CSV data update...
2025-07-07 17:51:05,887 - INFO - CSV data update completed successfully
2025-07-07 17:51:05,887 - INFO - Step completed: CSV Update
2025-07-07 17:51:05,887 - INFO - ------------------------------
2025-07-07 17:51:05,887 - INFO - Executing step: Active Data Insertion
2025-07-07 17:51:05,887 - INFO - Starting active data insertion...
2025-07-07 17:51:05,887 - INFO - Inserting active data...
2025-07-07 17:51:05,954 - INFO - Sending active data notification...
2025-07-07 17:51:05,993 - INFO - Active data insertion completed successfully
2025-07-07 17:51:05,993 - INFO - Step completed: Active Data Insertion
2025-07-07 17:51:05,993 - INFO - ------------------------------
2025-07-07 17:51:05,993 - INFO - Executing step: History Data Insertion
2025-07-07 17:51:05,993 - INFO - Starting history data insertion...
2025-07-07 17:51:05,993 - INFO - Inserting history data...
2025-07-07 17:51:07,607 - INFO - Sending history data notification...
2025-07-07 17:51:08,163 - INFO - History data insertion completed successfully
2025-07-07 17:51:08,163 - INFO - Step completed: History Data Insertion
2025-07-07 17:51:08,163 - INFO - ------------------------------
2025-07-07 17:51:08,163 - INFO - Executing step: Insert Active Data in history
2025-07-07 17:51:08,163 - INFO - Starting active data insertion in history table...
2025-07-07 17:51:08,210 - INFO - active data insertion in history completed successfully
2025-07-07 17:51:08,210 - INFO - Step completed: Insert Active Data in history
2025-07-07 17:51:08,210 - INFO - ------------------------------
2025-07-07 17:51:08,210 - INFO - Executing step: View Creation
2025-07-07 17:51:08,210 - INFO - Starting data view creation...
2025-07-07 17:51:08,210 - INFO - Creating DS chart views...
2025-07-07 17:51:08,262 - INFO - Creating tile views...
2025-07-07 17:51:08,631 - INFO - Data view creation completed successfully
2025-07-07 17:51:08,631 - INFO - Step completed: View Creation
2025-07-07 17:51:08,631 - INFO - ------------------------------
2025-07-07 17:51:08,631 - INFO - ==================================================
2025-07-07 17:51:08,631 - INFO - Data Processing Pipeline completed successfully!
2025-07-07 17:51:08,631 - INFO - ==================================================
2025-07-07 17:51:08,631 - INFO - All pipeline operations completed successfully
2025-07-07 17:58:51,850 - INFO - ==================================================
2025-07-07 17:58:51,850 - INFO - Starting Data Processing Pipeline
2025-07-07 17:58:51,850 - INFO - ==================================================
2025-07-07 17:58:51,850 - INFO - Executing step: Data Cleanup
2025-07-07 17:58:51,850 - INFO - Starting data cleanup process...
2025-07-07 17:58:51,850 - INFO - Truncating tile views...
2025-07-07 17:58:52,209 - INFO - Truncating DS chart data...
2025-07-07 17:58:52,490 - INFO - Truncating active_trade...
2025-07-07 17:58:52,531 - INFO - Truncating history_trade...
2025-07-07 17:58:52,762 - INFO - Data cleanup completed successfully
2025-07-07 17:58:52,762 - INFO - Step completed: Data Cleanup
2025-07-07 17:58:52,762 - INFO - ------------------------------
2025-07-07 17:58:52,762 - INFO - Executing step: CSV Update
2025-07-07 17:58:52,762 - INFO - Starting CSV data update...
2025-07-07 17:58:52,795 - INFO - CSV data update completed successfully
2025-07-07 17:58:52,795 - INFO - Step completed: CSV Update
2025-07-07 17:58:52,795 - INFO - ------------------------------
2025-07-07 17:58:52,795 - INFO - Executing step: Active Data Insertion
2025-07-07 17:58:52,795 - INFO - Starting active data insertion...
2025-07-07 17:58:52,795 - INFO - Inserting active data...
2025-07-07 17:58:52,885 - INFO - Sending active data notification...
2025-07-07 17:58:52,933 - INFO - Active data insertion completed successfully
2025-07-07 17:58:52,933 - INFO - Step completed: Active Data Insertion
2025-07-07 17:58:52,933 - INFO - ------------------------------
2025-07-07 17:58:52,933 - INFO - Executing step: History Data Insertion
2025-07-07 17:58:52,933 - INFO - Starting history data insertion...
2025-07-07 17:58:52,933 - INFO - Inserting history data...
2025-07-07 17:58:53,839 - INFO - Sending history data notification...
2025-07-07 17:58:54,410 - INFO - History data insertion completed successfully
2025-07-07 17:58:54,411 - INFO - Step completed: History Data Insertion
2025-07-07 17:58:54,411 - INFO - ------------------------------
2025-07-07 17:58:54,411 - INFO - Executing step: Insert Active Data in history
2025-07-07 17:58:54,411 - INFO - Starting active data insertion in history table...
2025-07-07 17:58:54,460 - INFO - active data insertion in history completed successfully
2025-07-07 17:58:54,460 - INFO - Step completed: Insert Active Data in history
2025-07-07 17:58:54,460 - INFO - ------------------------------
2025-07-07 17:58:54,460 - INFO - Executing step: View Creation
2025-07-07 17:58:54,461 - INFO - Starting data view creation...
2025-07-07 17:58:54,461 - INFO - Creating DS chart views...
2025-07-07 17:58:54,619 - INFO - Creating tile views...
2025-07-07 17:58:54,987 - INFO - Data view creation completed successfully
2025-07-07 17:58:54,987 - INFO - Step completed: View Creation
2025-07-07 17:58:54,987 - INFO - ------------------------------
2025-07-07 17:58:54,987 - INFO - ==================================================
2025-07-07 17:58:54,987 - INFO - Data Processing Pipeline completed successfully!
2025-07-07 17:58:54,987 - INFO - ==================================================
2025-07-07 17:58:54,987 - INFO - All pipeline operations completed successfully
2025-07-07 18:01:25,861 - INFO - ==================================================
2025-07-07 18:01:25,861 - INFO - Starting Data Processing Pipeline
2025-07-07 18:01:25,861 - INFO - ==================================================
2025-07-07 18:01:25,861 - INFO - Executing step: Data Cleanup
2025-07-07 18:01:25,861 - INFO - Starting data cleanup process...
2025-07-07 18:01:25,861 - INFO - Truncating tile views...
2025-07-07 18:01:26,223 - INFO - Truncating DS chart data...
2025-07-07 18:01:26,498 - INFO - Truncating active_trade...
2025-07-07 18:01:26,541 - INFO - Truncating history_trade...
2025-07-07 18:01:26,783 - INFO - Data cleanup completed successfully
2025-07-07 18:01:26,783 - INFO - Step completed: Data Cleanup
2025-07-07 18:01:26,783 - INFO - ------------------------------
2025-07-07 18:01:26,783 - INFO - Executing step: CSV Update
2025-07-07 18:01:26,783 - INFO - Starting CSV data update...
2025-07-07 18:01:26,817 - INFO - CSV data update completed successfully
2025-07-07 18:01:26,817 - INFO - Step completed: CSV Update
2025-07-07 18:01:26,817 - INFO - ------------------------------
2025-07-07 18:01:26,817 - INFO - Executing step: Active Data Insertion
2025-07-07 18:01:26,817 - INFO - Starting active data insertion...
2025-07-07 18:01:26,817 - INFO - Inserting active data...
2025-07-07 18:01:26,860 - INFO - Sending active data notification...
2025-07-07 18:01:38,565 - INFO - ==================================================
2025-07-07 18:01:38,565 - INFO - Starting Data Processing Pipeline
2025-07-07 18:01:38,565 - INFO - ==================================================
2025-07-07 18:01:38,565 - INFO - Executing step: Data Cleanup
2025-07-07 18:01:38,565 - INFO - Starting data cleanup process...
2025-07-07 18:01:38,565 - INFO - Truncating tile views...
2025-07-07 18:01:39,034 - INFO - Truncating DS chart data...
2025-07-07 18:01:39,078 - INFO - Truncating active_trade...
2025-07-07 18:01:39,121 - INFO - Truncating history_trade...
2025-07-07 18:01:39,337 - INFO - Data cleanup completed successfully
2025-07-07 18:01:39,337 - INFO - Step completed: Data Cleanup
2025-07-07 18:01:39,337 - INFO - ------------------------------
2025-07-07 18:01:39,337 - INFO - Executing step: CSV Update
2025-07-07 18:01:39,337 - INFO - Starting CSV data update...
2025-07-07 18:01:39,372 - INFO - CSV data update completed successfully
2025-07-07 18:01:39,372 - INFO - Step completed: CSV Update
2025-07-07 18:01:39,372 - INFO - ------------------------------
2025-07-07 18:01:39,372 - INFO - Executing step: Active Data Insertion
2025-07-07 18:01:39,372 - INFO - Starting active data insertion...
2025-07-07 18:01:39,372 - INFO - Inserting active data...
2025-07-07 18:01:39,413 - INFO - Sending active data notification...
2025-07-07 18:01:39,461 - INFO - Active data insertion completed successfully
2025-07-07 18:01:39,461 - INFO - Step completed: Active Data Insertion
2025-07-07 18:01:39,461 - INFO - ------------------------------
2025-07-07 18:01:39,461 - INFO - Executing step: History Data Insertion
2025-07-07 18:01:39,461 - INFO - Starting history data insertion...
2025-07-07 18:01:39,461 - INFO - Inserting history data...
2025-07-07 18:01:39,868 - INFO - Sending history data notification...
2025-07-07 18:01:40,420 - INFO - History data insertion completed successfully
2025-07-07 18:01:40,420 - INFO - Step completed: History Data Insertion
2025-07-07 18:01:40,420 - INFO - ------------------------------
2025-07-07 18:01:40,420 - INFO - Executing step: Insert Active Data in history
2025-07-07 18:01:40,420 - INFO - Starting active data insertion in history table...
2025-07-07 18:01:40,467 - INFO - active data insertion in history completed successfully
2025-07-07 18:01:40,467 - INFO - Step completed: Insert Active Data in history
2025-07-07 18:01:40,467 - INFO - ------------------------------
2025-07-07 18:01:40,467 - INFO - Executing step: View Creation
2025-07-07 18:01:40,467 - INFO - Starting data view creation...
2025-07-07 18:01:40,467 - INFO - Creating DS chart views...
2025-07-07 18:01:40,518 - INFO - Creating tile views...
2025-07-07 18:01:40,897 - INFO - Data view creation completed successfully
2025-07-07 18:01:40,897 - INFO - Step completed: View Creation
2025-07-07 18:01:40,897 - INFO - ------------------------------
2025-07-07 18:01:40,897 - INFO - ==================================================
2025-07-07 18:01:40,897 - INFO - Data Processing Pipeline completed successfully!
2025-07-07 18:01:40,897 - INFO - ==================================================
2025-07-07 18:01:40,897 - INFO - All pipeline operations completed successfully
2025-07-07 18:05:07,316 - INFO - ==================================================
2025-07-07 18:05:07,316 - INFO - Starting Data Processing Pipeline
2025-07-07 18:05:07,316 - INFO - ==================================================
2025-07-07 18:05:07,316 - INFO - Executing step: Data Cleanup
2025-07-07 18:05:07,316 - INFO - Starting data cleanup process...
2025-07-07 18:05:07,316 - INFO - Truncating tile views...
2025-07-07 18:05:07,580 - INFO - Truncating DS chart data...
2025-07-07 18:05:07,864 - INFO - Truncating active_trade...
2025-07-07 18:05:07,908 - INFO - Truncating history_trade...
2025-07-07 18:05:08,149 - INFO - Data cleanup completed successfully
2025-07-07 18:05:08,149 - INFO - Step completed: Data Cleanup
2025-07-07 18:05:08,149 - INFO - ------------------------------
2025-07-07 18:05:08,149 - INFO - Executing step: CSV Update
2025-07-07 18:05:08,149 - INFO - Starting CSV data update...
2025-07-07 18:05:08,182 - INFO - CSV data update completed successfully
2025-07-07 18:05:08,182 - INFO - Step completed: CSV Update
2025-07-07 18:05:08,182 - INFO - ------------------------------
2025-07-07 18:05:08,182 - INFO - Executing step: Active Data Insertion
2025-07-07 18:05:08,182 - INFO - Starting active data insertion...
2025-07-07 18:05:08,182 - INFO - Inserting active data...
2025-07-07 18:05:08,225 - INFO - Sending active data notification...
2025-07-07 18:05:08,270 - INFO - Active data insertion completed successfully
2025-07-07 18:05:08,270 - INFO - Step completed: Active Data Insertion
2025-07-07 18:05:08,270 - INFO - ------------------------------
2025-07-07 18:05:08,270 - INFO - Executing step: History Data Insertion
2025-07-07 18:05:08,270 - INFO - Starting history data insertion...
2025-07-07 18:05:08,270 - INFO - Inserting history data...
2025-07-07 18:05:09,065 - INFO - Sending history data notification...
2025-07-07 18:05:09,615 - INFO - History data insertion completed successfully
2025-07-07 18:05:09,615 - INFO - Step completed: History Data Insertion
2025-07-07 18:05:09,615 - INFO - ------------------------------
2025-07-07 18:05:09,615 - INFO - Executing step: Insert Active Data in history
2025-07-07 18:05:09,615 - INFO - Starting active data insertion in history table...
2025-07-07 18:05:09,666 - INFO - active data insertion in history completed successfully
2025-07-07 18:05:09,666 - INFO - Step completed: Insert Active Data in history
2025-07-07 18:05:09,666 - INFO - ------------------------------
2025-07-07 18:05:09,666 - INFO - Executing step: View Creation
2025-07-07 18:05:09,666 - INFO - Starting data view creation...
2025-07-07 18:05:09,666 - INFO - Creating DS chart views...
2025-07-07 18:05:09,716 - INFO - Creating tile views...
2025-07-07 18:05:10,183 - INFO - Data view creation completed successfully
2025-07-07 18:05:10,183 - INFO - Step completed: View Creation
2025-07-07 18:05:10,183 - INFO - ------------------------------
2025-07-07 18:05:10,183 - INFO - ==================================================
2025-07-07 18:05:10,183 - INFO - Data Processing Pipeline completed successfully!
2025-07-07 18:05:10,183 - INFO - ==================================================
2025-07-07 18:05:10,183 - INFO - All pipeline operations completed successfully
2025-07-07 18:05:53,550 - INFO - ==================================================
2025-07-07 18:05:53,550 - INFO - Starting Data Processing Pipeline
2025-07-07 18:05:53,550 - INFO - ==================================================
2025-07-07 18:05:53,550 - INFO - Executing step: Data Cleanup
2025-07-07 18:05:53,550 - INFO - Starting data cleanup process...
2025-07-07 18:05:53,550 - INFO - Truncating tile views...
2025-07-07 18:05:53,821 - INFO - Truncating DS chart data...
2025-07-07 18:05:54,093 - INFO - Truncating active_trade...
2025-07-07 18:05:54,133 - INFO - Truncating history_trade...
2025-07-07 18:05:54,357 - INFO - Data cleanup completed successfully
2025-07-07 18:05:54,357 - INFO - Step completed: Data Cleanup
2025-07-07 18:05:54,357 - INFO - ------------------------------
2025-07-07 18:05:54,357 - INFO - Executing step: CSV Update
2025-07-07 18:05:54,357 - INFO - Starting CSV data update...
2025-07-07 18:05:54,389 - INFO - CSV data update completed successfully
2025-07-07 18:05:54,389 - INFO - Step completed: CSV Update
2025-07-07 18:05:54,389 - INFO - ------------------------------
2025-07-07 18:05:54,389 - INFO - Executing step: Active Data Insertion
2025-07-07 18:05:54,389 - INFO - Starting active data insertion...
2025-07-07 18:05:54,389 - INFO - Inserting active data...
2025-07-07 18:05:54,432 - INFO - Sending active data notification...
2025-07-07 18:05:54,478 - INFO - Active data insertion completed successfully
2025-07-07 18:05:54,478 - INFO - Step completed: Active Data Insertion
2025-07-07 18:05:54,478 - INFO - ------------------------------
2025-07-07 18:05:54,478 - INFO - Executing step: History Data Insertion
2025-07-07 18:05:54,478 - INFO - Starting history data insertion...
2025-07-07 18:05:54,478 - INFO - Inserting history data...
2025-07-07 18:05:55,251 - INFO - Sending history data notification...
2025-07-07 18:05:55,813 - INFO - History data insertion completed successfully
2025-07-07 18:05:55,813 - INFO - Step completed: History Data Insertion
2025-07-07 18:05:55,813 - INFO - ------------------------------
2025-07-07 18:05:55,813 - INFO - Executing step: Insert Active Data in history
2025-07-07 18:05:55,813 - INFO - Starting active data insertion in history table...
2025-07-07 18:05:55,859 - INFO - active data insertion in history completed successfully
2025-07-07 18:05:55,859 - INFO - Step completed: Insert Active Data in history
2025-07-07 18:05:55,859 - INFO - ------------------------------
2025-07-07 18:05:55,860 - INFO - Executing step: View Creation
2025-07-07 18:05:55,860 - INFO - Starting data view creation...
2025-07-07 18:05:55,860 - INFO - Creating DS chart views...
2025-07-07 18:05:55,908 - INFO - Creating tile views...
2025-07-07 18:05:56,282 - INFO - Data view creation completed successfully
2025-07-07 18:05:56,282 - INFO - Step completed: View Creation
2025-07-07 18:05:56,282 - INFO - ------------------------------
2025-07-07 18:05:56,282 - INFO - ==================================================
2025-07-07 18:05:56,282 - INFO - Data Processing Pipeline completed successfully!
2025-07-07 18:05:56,282 - INFO - ==================================================
2025-07-07 18:05:56,283 - INFO - All pipeline operations completed successfully
2025-07-15 16:52:47,817 - INFO - ==================================================
2025-07-15 16:52:47,818 - INFO - Starting Data Processing Pipeline
2025-07-15 16:52:47,818 - INFO - ==================================================
2025-07-15 16:52:47,818 - INFO - Executing step: Data Cleanup
2025-07-15 16:52:47,818 - INFO - Starting data cleanup process...
2025-07-15 16:52:47,818 - INFO - Truncating tile views...
2025-07-15 16:52:48,093 - INFO - Truncating DS chart data...
2025-07-15 16:52:48,387 - INFO - Truncating active_trade...
2025-07-15 16:52:48,432 - INFO - Truncating history_trade...
2025-07-15 16:52:48,693 - INFO - Data cleanup completed successfully
2025-07-15 16:52:48,693 - INFO - Step completed: Data Cleanup
2025-07-15 16:52:48,693 - INFO - ------------------------------
2025-07-15 16:52:48,693 - INFO - Executing step: CSV Update
2025-07-15 16:52:48,693 - INFO - Starting CSV data update...
2025-07-15 16:52:48,727 - INFO - CSV data update completed successfully
2025-07-15 16:52:48,727 - INFO - Step completed: CSV Update
2025-07-15 16:52:48,727 - INFO - ------------------------------
2025-07-15 16:52:48,727 - INFO - Executing step: Active Data Insertion
2025-07-15 16:52:48,727 - INFO - Starting active data insertion...
2025-07-15 16:52:48,727 - INFO - Inserting active data...
2025-07-15 16:52:48,815 - INFO - Sending active data notification...
2025-07-15 16:53:40,377 - INFO - Active data insertion completed successfully
2025-07-15 16:53:40,377 - INFO - Step completed: Active Data Insertion
2025-07-15 16:53:40,377 - INFO - ------------------------------
2025-07-15 16:53:40,377 - INFO - Executing step: History Data Insertion
2025-07-15 16:53:40,377 - INFO - Starting history data insertion...
2025-07-15 16:53:40,377 - INFO - Inserting history data...
2025-07-15 16:53:40,959 - INFO - Sending history data notification...
2025-07-15 16:53:41,606 - INFO - History data insertion completed successfully
2025-07-15 16:53:41,606 - INFO - Step completed: History Data Insertion
2025-07-15 16:53:41,606 - INFO - ------------------------------
2025-07-15 16:53:41,606 - INFO - Executing step: Insert Active Data in history
2025-07-15 16:53:41,606 - INFO - Starting active data insertion in history table...
2025-07-15 16:53:41,681 - INFO - active data insertion in history completed successfully
2025-07-15 16:53:41,681 - INFO - Step completed: Insert Active Data in history
2025-07-15 16:53:41,681 - INFO - ------------------------------
2025-07-15 16:53:41,681 - INFO - Executing step: View Creation
2025-07-15 16:53:41,681 - INFO - Starting data view creation...
2025-07-15 16:53:41,681 - INFO - Creating DS chart views...
2025-07-15 16:53:41,735 - INFO - Creating tile views...
2025-07-15 16:53:42,156 - INFO - Data view creation completed successfully
2025-07-15 16:53:42,156 - INFO - Step completed: View Creation
2025-07-15 16:53:42,156 - INFO - ------------------------------
2025-07-15 16:53:42,156 - INFO - ==================================================
2025-07-15 16:53:42,156 - INFO - Data Processing Pipeline completed successfully!
2025-07-15 16:53:42,156 - INFO - ==================================================
2025-07-15 16:53:42,156 - INFO - All pipeline operations completed successfully
2025-07-19 14:17:45,633 - INFO - ==================================================
2025-07-19 14:17:45,634 - INFO - Starting Data Processing Pipeline
2025-07-19 14:17:45,634 - INFO - ==================================================
2025-07-19 14:17:45,634 - INFO - Executing step: Data Cleanup
2025-07-19 14:17:45,634 - INFO - Starting data cleanup process...
2025-07-19 14:17:45,634 - INFO - Truncating tile views...
2025-07-19 14:17:46,031 - INFO - Truncating DS chart data...
2025-07-19 14:17:46,350 - INFO - Truncating active_trade...
2025-07-19 14:17:46,399 - INFO - Truncating history_trade...
2025-07-19 14:17:46,697 - INFO - Data cleanup completed successfully
2025-07-19 14:17:46,698 - INFO - Step completed: Data Cleanup
2025-07-19 14:17:46,698 - INFO - ------------------------------
2025-07-19 14:17:46,698 - INFO - Executing step: CSV Update
2025-07-19 14:17:46,698 - INFO - Starting CSV data update...
2025-07-19 14:17:46,732 - INFO - CSV data update completed successfully
2025-07-19 14:17:46,732 - INFO - Step completed: CSV Update
2025-07-19 14:17:46,732 - INFO - ------------------------------
2025-07-19 14:17:46,732 - INFO - Executing step: Active Data Insertion
2025-07-19 14:17:46,732 - INFO - Starting active data insertion...
2025-07-19 14:17:46,732 - INFO - Inserting active data...
2025-07-19 14:17:46,938 - INFO - Sending active data notification...
2025-07-19 14:17:46,997 - INFO - Active data insertion completed successfully
2025-07-19 14:17:46,997 - INFO - Step completed: Active Data Insertion
2025-07-19 14:17:46,997 - INFO - ------------------------------
2025-07-19 14:17:46,998 - INFO - Executing step: History Data Insertion
2025-07-19 14:17:46,998 - INFO - Starting history data insertion...
2025-07-19 14:17:46,998 - INFO - Inserting history data...
2025-07-19 14:17:47,636 - INFO - Sending history data notification...
2025-07-19 14:17:48,219 - INFO - History data insertion completed successfully
2025-07-19 14:17:48,219 - INFO - Step completed: History Data Insertion
2025-07-19 14:17:48,220 - INFO - ------------------------------
2025-07-19 14:17:48,220 - INFO - Executing step: Insert Active Data in history
2025-07-19 14:17:48,220 - INFO - Starting active data insertion in history table...
2025-07-19 14:17:48,297 - INFO - active data insertion in history completed successfully
2025-07-19 14:17:48,297 - INFO - Step completed: Insert Active Data in history
2025-07-19 14:17:48,297 - INFO - ------------------------------
2025-07-19 14:17:48,297 - INFO - Executing step: View Creation
2025-07-19 14:17:48,297 - INFO - Starting data view creation...
2025-07-19 14:17:48,297 - INFO - Creating DS chart views...
2025-07-19 14:17:48,356 - INFO - Creating tile views...
2025-07-19 14:17:48,759 - INFO - Data view creation completed successfully
2025-07-19 14:17:48,759 - INFO - Step completed: View Creation
2025-07-19 14:17:48,759 - INFO - ------------------------------
2025-07-19 14:17:48,759 - INFO - ==================================================
2025-07-19 14:17:48,759 - INFO - Data Processing Pipeline completed successfully!
2025-07-19 14:17:48,759 - INFO - ==================================================
2025-07-19 14:17:48,759 - INFO - All pipeline operations completed successfully
2025-07-23 17:41:42,152 - INFO - ==================================================
2025-07-23 17:41:42,152 - INFO - Starting Data Processing Pipeline
2025-07-23 17:41:42,152 - INFO - ==================================================
2025-07-23 17:41:42,152 - INFO - Executing step: Data Cleanup
2025-07-23 17:41:42,152 - INFO - Starting data cleanup process...
2025-07-23 17:41:42,152 - INFO - Truncating tile views...
2025-07-23 17:41:42,449 - INFO - Truncating DS chart data...
2025-07-23 17:41:42,805 - INFO - Truncating active_trade...
2025-07-23 17:41:42,856 - INFO - Truncating history_trade...
2025-07-23 17:41:43,114 - INFO - Data cleanup completed successfully
2025-07-23 17:41:43,114 - INFO - Step completed: Data Cleanup
2025-07-23 17:41:43,114 - INFO - ------------------------------
2025-07-23 17:41:43,114 - INFO - Executing step: CSV Update
2025-07-23 17:41:43,114 - INFO - Starting CSV data update...
2025-07-23 17:41:43,118 - INFO - CSV data update completed successfully
2025-07-23 17:41:43,118 - INFO - Step completed: CSV Update
2025-07-23 17:41:43,118 - INFO - ------------------------------
2025-07-23 17:41:43,119 - INFO - Executing step: Active Data Insertion
2025-07-23 17:41:43,119 - INFO - Starting active data insertion...
2025-07-23 17:41:43,119 - INFO - Inserting active data...
2025-07-23 17:41:43,153 - INFO - Sending active data notification...
2025-07-23 17:41:43,153 - ERROR - Error during active data insertion: [Errno 2] No such file or directory: 'active.csv'
2025-07-23 17:41:43,153 - ERROR - Pipeline failed at step: Active Data Insertion
2025-07-23 17:41:43,153 - ERROR - Pipeline execution failed
2025-07-23 17:41:49,522 - INFO - ==================================================
2025-07-23 17:41:49,522 - INFO - Starting Data Processing Pipeline
2025-07-23 17:41:49,522 - INFO - ==================================================
2025-07-23 17:41:49,522 - INFO - Executing step: Data Cleanup
2025-07-23 17:41:49,522 - INFO - Starting data cleanup process...
2025-07-23 17:41:49,522 - INFO - Truncating tile views...
2025-07-23 17:41:49,920 - INFO - Truncating DS chart data...
2025-07-23 17:41:49,965 - INFO - Truncating active_trade...
2025-07-23 17:41:50,122 - INFO - Truncating history_trade...
2025-07-23 17:41:50,355 - INFO - Data cleanup completed successfully
2025-07-23 17:41:50,355 - INFO - Step completed: Data Cleanup
2025-07-23 17:41:50,355 - INFO - ------------------------------
2025-07-23 17:41:50,355 - INFO - Executing step: CSV Update
2025-07-23 17:41:50,355 - INFO - Starting CSV data update...
2025-07-23 17:41:50,358 - INFO - CSV data update completed successfully
2025-07-23 17:41:50,358 - INFO - Step completed: CSV Update
2025-07-23 17:41:50,358 - INFO - ------------------------------
2025-07-23 17:41:50,358 - INFO - Executing step: Active Data Insertion
2025-07-23 17:41:50,359 - INFO - Starting active data insertion...
2025-07-23 17:41:50,359 - INFO - Inserting active data...
2025-07-23 17:41:50,389 - INFO - Sending active data notification...
2025-07-23 17:41:50,389 - ERROR - Error during active data insertion: [Errno 2] No such file or directory: 'active.csv'
2025-07-23 17:41:50,389 - ERROR - Pipeline failed at step: Active Data Insertion
2025-07-23 17:41:50,389 - ERROR - Pipeline execution failed
2025-07-23 17:42:09,542 - INFO - ==================================================
2025-07-23 17:42:09,543 - INFO - Starting Data Processing Pipeline
2025-07-23 17:42:09,543 - INFO - ==================================================
2025-07-23 17:42:09,543 - INFO - Executing step: Data Cleanup
2025-07-23 17:42:09,543 - INFO - Starting data cleanup process...
2025-07-23 17:42:09,543 - INFO - Truncating tile views...
2025-07-23 17:42:09,930 - INFO - Truncating DS chart data...
2025-07-23 17:42:09,982 - INFO - Truncating active_trade...
2025-07-23 17:42:10,032 - INFO - Truncating history_trade...
2025-07-23 17:42:10,371 - INFO - Data cleanup completed successfully
2025-07-23 17:42:10,371 - INFO - Step completed: Data Cleanup
2025-07-23 17:42:10,371 - INFO - ------------------------------
2025-07-23 17:42:10,371 - INFO - Executing step: CSV Update
2025-07-23 17:42:10,371 - INFO - Starting CSV data update...
2025-07-23 17:42:10,421 - INFO - CSV data update completed successfully
2025-07-23 17:42:10,421 - INFO - Step completed: CSV Update
2025-07-23 17:42:10,421 - INFO - ------------------------------
2025-07-23 17:42:10,421 - INFO - Executing step: Active Data Insertion
2025-07-23 17:42:10,421 - INFO - Starting active data insertion...
2025-07-23 17:42:10,421 - INFO - Inserting active data...
2025-07-23 17:42:10,519 - INFO - Sending active data notification...
2025-07-23 17:42:10,573 - INFO - Active data insertion completed successfully
2025-07-23 17:42:10,573 - INFO - Step completed: Active Data Insertion
2025-07-23 17:42:10,573 - INFO - ------------------------------
2025-07-23 17:42:10,573 - INFO - Executing step: History Data Insertion
2025-07-23 17:42:10,573 - INFO - Starting history data insertion...
2025-07-23 17:42:10,573 - INFO - Inserting history data...
2025-07-23 17:42:11,523 - INFO - Sending history data notification...
2025-07-23 17:42:12,090 - INFO - History data insertion completed successfully
2025-07-23 17:42:12,090 - INFO - Step completed: History Data Insertion
2025-07-23 17:42:12,090 - INFO - ------------------------------
2025-07-23 17:42:12,090 - INFO - Executing step: Insert Active Data in history
2025-07-23 17:42:12,090 - INFO - Starting active data insertion in history table...
2025-07-23 17:42:12,176 - INFO - active data insertion in history completed successfully
2025-07-23 17:42:12,176 - INFO - Step completed: Insert Active Data in history
2025-07-23 17:42:12,176 - INFO - ------------------------------
2025-07-23 17:42:12,176 - INFO - Executing step: View Creation
2025-07-23 17:42:12,176 - INFO - Starting data view creation...
2025-07-23 17:42:12,176 - INFO - Creating DS chart views...
2025-07-23 17:42:12,234 - INFO - Creating tile views...
2025-07-23 17:42:12,652 - INFO - Data view creation completed successfully
2025-07-23 17:42:12,652 - INFO - Step completed: View Creation
2025-07-23 17:42:12,652 - INFO - ------------------------------
2025-07-23 17:42:12,652 - INFO - ==================================================
2025-07-23 17:42:12,652 - INFO - Data Processing Pipeline completed successfully!
2025-07-23 17:42:12,652 - INFO - ==================================================
2025-07-23 17:42:12,652 - INFO - All pipeline operations completed successfully
2025-07-30 14:32:16,775 - INFO - ==================================================
2025-07-30 14:32:16,775 - INFO - Starting Data Processing Pipeline
2025-07-30 14:32:16,775 - INFO - ==================================================
2025-07-30 14:32:16,775 - INFO - Executing step: Data Cleanup
2025-07-30 14:32:16,775 - INFO - Starting data cleanup process...
2025-07-30 14:32:16,775 - INFO - Truncating tile views...
2025-07-30 14:32:17,087 - INFO - Truncating DS chart data...
2025-07-30 14:32:17,506 - INFO - Truncating active_trade...
2025-07-30 14:32:17,561 - INFO - Truncating history_trade...
2025-07-30 14:32:17,984 - INFO - Data cleanup completed successfully
2025-07-30 14:32:17,984 - INFO - Step completed: Data Cleanup
2025-07-30 14:32:17,984 - INFO - ------------------------------
2025-07-30 14:32:17,984 - INFO - Executing step: CSV Update
2025-07-30 14:32:17,984 - INFO - Starting CSV data update...
2025-07-30 14:32:18,015 - INFO - CSV data update completed successfully
2025-07-30 14:32:18,015 - INFO - Step completed: CSV Update
2025-07-30 14:32:18,015 - INFO - ------------------------------
2025-07-30 14:32:18,015 - INFO - Executing step: Active Data Insertion
2025-07-30 14:32:18,015 - INFO - Starting active data insertion...
2025-07-30 14:32:18,015 - INFO - Inserting active data...
2025-07-30 14:32:18,125 - INFO - Sending active data notification...
2025-07-30 14:32:18,177 - INFO - Active data insertion completed successfully
2025-07-30 14:32:18,177 - INFO - Step completed: Active Data Insertion
2025-07-30 14:32:18,177 - INFO - ------------------------------
2025-07-30 14:32:18,177 - INFO - Executing step: History Data Insertion
2025-07-30 14:32:18,177 - INFO - Starting history data insertion...
2025-07-30 14:32:18,177 - INFO - Inserting history data...
2025-07-30 14:32:18,590 - INFO - Sending history data notification...
2025-07-30 14:32:18,969 - INFO - History data insertion completed successfully
2025-07-30 14:32:18,969 - INFO - Step completed: History Data Insertion
2025-07-30 14:32:18,969 - INFO - ------------------------------
2025-07-30 14:32:18,970 - INFO - Executing step: Insert Active Data in history
2025-07-30 14:32:18,970 - INFO - Starting active data insertion in history table...
2025-07-30 14:32:19,162 - INFO - active data insertion in history completed successfully
2025-07-30 14:32:19,162 - INFO - Step completed: Insert Active Data in history
2025-07-30 14:32:19,162 - INFO - ------------------------------
2025-07-30 14:32:19,162 - INFO - Executing step: View Creation
2025-07-30 14:32:19,162 - INFO - Starting data view creation...
2025-07-30 14:32:19,162 - INFO - Creating DS chart views...
2025-07-30 14:32:19,219 - INFO - Creating tile views...
2025-07-30 14:32:19,657 - INFO - Data view creation completed successfully
2025-07-30 14:32:19,657 - INFO - Step completed: View Creation
2025-07-30 14:32:19,657 - INFO - ------------------------------
2025-07-30 14:32:19,657 - INFO - ==================================================
2025-07-30 14:32:19,657 - INFO - Data Processing Pipeline completed successfully!
2025-07-30 14:32:19,657 - INFO - ==================================================
2025-07-30 14:32:19,657 - INFO - All pipeline operations completed successfully
2025-07-30 15:11:01,423 - INFO - ==================================================
2025-07-30 15:11:01,423 - INFO - Starting Data Processing Pipeline
2025-07-30 15:11:01,424 - INFO - ==================================================
2025-07-30 15:11:01,424 - INFO - Executing step: Data Cleanup
2025-07-30 15:11:01,424 - INFO - Starting data cleanup process...
2025-07-30 15:11:01,424 - INFO - Truncating tile views...
2025-07-30 15:11:01,931 - INFO - Truncating DS chart data...
2025-07-30 15:11:02,200 - INFO - Truncating active_trade...
2025-07-30 15:11:02,264 - INFO - Truncating history_trade...
2025-07-30 15:11:02,618 - INFO - Data cleanup completed successfully
2025-07-30 15:11:02,619 - INFO - Step completed: Data Cleanup
2025-07-30 15:11:02,619 - INFO - ------------------------------
2025-07-30 15:11:02,619 - INFO - Executing step: CSV Update
2025-07-30 15:11:02,619 - INFO - Starting CSV data update...
2025-07-30 15:11:02,674 - INFO - CSV data update completed successfully
2025-07-30 15:11:02,674 - INFO - Step completed: CSV Update
2025-07-30 15:11:02,674 - INFO - ------------------------------
2025-07-30 15:11:02,674 - INFO - Executing step: Active Data Insertion
2025-07-30 15:11:02,674 - INFO - Starting active data insertion...
2025-07-30 15:11:02,674 - INFO - Inserting active data...
2025-07-30 15:11:02,771 - INFO - Sending active data notification...
2025-07-30 15:11:02,834 - INFO - Active data insertion completed successfully
2025-07-30 15:11:02,834 - INFO - Step completed: Active Data Insertion
2025-07-30 15:11:02,834 - INFO - ------------------------------
2025-07-30 15:11:02,834 - INFO - Executing step: History Data Insertion
2025-07-30 15:11:02,834 - INFO - Starting history data insertion...
2025-07-30 15:11:02,834 - INFO - Inserting history data...
2025-07-30 15:11:03,535 - INFO - Sending history data notification...
2025-07-30 15:11:04,407 - INFO - History data insertion completed successfully
2025-07-30 15:11:04,407 - INFO - Step completed: History Data Insertion
2025-07-30 15:11:04,407 - INFO - ------------------------------
2025-07-30 15:11:04,407 - INFO - Executing step: Insert Active Data in history
2025-07-30 15:11:04,407 - INFO - Starting active data insertion in history table...
2025-07-30 15:11:04,482 - INFO - active data insertion in history completed successfully
2025-07-30 15:11:04,482 - INFO - Step completed: Insert Active Data in history
2025-07-30 15:11:04,482 - INFO - ------------------------------
2025-07-30 15:11:04,482 - INFO - Executing step: View Creation
2025-07-30 15:11:04,482 - INFO - Starting data view creation...
2025-07-30 15:11:04,482 - INFO - Creating DS chart views...
2025-07-30 15:11:04,552 - INFO - Creating tile views...
2025-07-30 15:11:05,226 - INFO - Data view creation completed successfully
2025-07-30 15:11:05,226 - INFO - Step completed: View Creation
2025-07-30 15:11:05,226 - INFO - ------------------------------
2025-07-30 15:11:05,226 - INFO - ==================================================
2025-07-30 15:11:05,226 - INFO - Data Processing Pipeline completed successfully!
2025-07-30 15:11:05,226 - INFO - ==================================================
2025-07-30 15:11:05,226 - INFO - All pipeline operations completed successfully
